[2023-08-08 14:22:47,967] [32649] [tccli.main] [INFO] tccli configure regions
[2023-08-08 14:22:49,428] [32649] [tccli.argparser] [ERROR] tccli [options] <command> <subcommand> [<subcommand> ...] [parameters]
To tccli help text, you can run:

  tccli help
  tccli configure help
  tccli service[cvm] help
  tccli service[cvm] action[RunInstances] help
Invalid choice, valid choices are:
you can run `tccli configure help` to see valid choices
[2023-08-08 14:29:45,709] [813] [tccli.main] [INFO] tccli configure
[2023-08-08 14:31:27,457] [1070] [tccli.main] [INFO] tccli configure list
[2023-08-08 14:32:03,835] [1110] [tccli.main] [INFO] tccli clb DescribeLoadBalancers
[2023-08-08 14:32:03,929] [1110] [tccli.main] [ERROR] cannot import name UnrewindableBodyError
Traceback (most recent call last):
  File "/usr/lib/python2.7/site-packages/tccli/main.py", line 41, in main
    CLICommand()()
  File "/usr/lib/python2.7/site-packages/tccli/command.py", line 49, in __call__
    return command_map[parsed_args.command](remaining, parsed_args)
  File "/usr/lib/python2.7/site-packages/tccli/command.py", line 186, in __call__
    command_map = self._get_command_map()
  File "/usr/lib/python2.7/site-packages/tccli/command.py", line 168, in _get_command_map
    self._command_map = self._build_command_map()
  File "/usr/lib/python2.7/site-packages/tccli/command.py", line 181, in _build_command_map
    action_caller=Services.action_caller(self._service_name)()[action],
  File "/usr/lib/python2.7/site-packages/tccli/services/__init__.py", line 9, in action_caller
    mod = imp.load_module("tccli.services." + service, fp, pathname, desc)
  File "/usr/lib/python2.7/site-packages/tccli/services/clb/__init__.py", line 3, in <module>
    from tccli.services.clb.clb_client import action_caller
  File "/usr/lib/python2.7/site-packages/tccli/services/clb/clb_client.py", line 11, in <module>
    from tencentcloud.common import credential
  File "/usr/lib/python2.7/site-packages/tencentcloud/common/credential.py", line 31, in <module>
    from tencentcloud.common.common_client import CommonClient
  File "/usr/lib/python2.7/site-packages/tencentcloud/common/common_client.py", line 19, in <module>
    from tencentcloud.common.abstract_client import AbstractClient
  File "/usr/lib/python2.7/site-packages/tencentcloud/common/abstract_client.py", line 37, in <module>
    from tencentcloud.common.http.request import ApiRequest
  File "/usr/lib/python2.7/site-packages/tencentcloud/common/http/request.py", line 7, in <module>
    import requests
  File "/usr/lib/python2.7/site-packages/requests/__init__.py", line 58, in <module>
    from . import utils
  File "/usr/lib/python2.7/site-packages/requests/utils.py", line 32, in <module>
    from .exceptions import InvalidURL
  File "/usr/lib/python2.7/site-packages/requests/exceptions.py", line 10, in <module>
    from urllib3.exceptions import HTTPError as BaseHTTPError
  File "/usr/lib/python2.7/site-packages/urllib3/__init__.py", line 10, in <module>
    from .connectionpool import (
  File "/usr/lib/python2.7/site-packages/urllib3/connectionpool.py", line 31, in <module>
    from .connection import (
  File "/usr/lib/python2.7/site-packages/urllib3/connection.py", line 45, in <module>
    from .util.ssl_ import (
  File "/usr/lib/python2.7/site-packages/urllib3/util/__init__.py", line 5, in <module>
    from .request import make_headers
  File "/usr/lib/python2.7/site-packages/urllib3/util/request.py", line 5, in <module>
    from ..exceptions import UnrewindableBodyError
ImportError: cannot import name UnrewindableBodyError
[2023-08-08 14:32:38,170] [1226] [tccli.main] [INFO] tccli configure get region
[2023-08-08 14:33:59,759] [1252] [tccli.main] [INFO] tccli clb DescribeLoadBalancers --region ap-hongkong
[2023-08-08 14:33:59,852] [1252] [tccli.main] [ERROR] cannot import name UnrewindableBodyError
Traceback (most recent call last):
  File "/usr/lib/python2.7/site-packages/tccli/main.py", line 41, in main
    CLICommand()()
  File "/usr/lib/python2.7/site-packages/tccli/command.py", line 49, in __call__
    return command_map[parsed_args.command](remaining, parsed_args)
  File "/usr/lib/python2.7/site-packages/tccli/command.py", line 186, in __call__
    command_map = self._get_command_map()
  File "/usr/lib/python2.7/site-packages/tccli/command.py", line 168, in _get_command_map
    self._command_map = self._build_command_map()
  File "/usr/lib/python2.7/site-packages/tccli/command.py", line 181, in _build_command_map
    action_caller=Services.action_caller(self._service_name)()[action],
  File "/usr/lib/python2.7/site-packages/tccli/services/__init__.py", line 9, in action_caller
    mod = imp.load_module("tccli.services." + service, fp, pathname, desc)
  File "/usr/lib/python2.7/site-packages/tccli/services/clb/__init__.py", line 3, in <module>
    from tccli.services.clb.clb_client import action_caller
  File "/usr/lib/python2.7/site-packages/tccli/services/clb/clb_client.py", line 11, in <module>
    from tencentcloud.common import credential
  File "/usr/lib/python2.7/site-packages/tencentcloud/common/credential.py", line 31, in <module>
    from tencentcloud.common.common_client import CommonClient
  File "/usr/lib/python2.7/site-packages/tencentcloud/common/common_client.py", line 19, in <module>
    from tencentcloud.common.abstract_client import AbstractClient
  File "/usr/lib/python2.7/site-packages/tencentcloud/common/abstract_client.py", line 37, in <module>
    from tencentcloud.common.http.request import ApiRequest
  File "/usr/lib/python2.7/site-packages/tencentcloud/common/http/request.py", line 7, in <module>
    import requests
  File "/usr/lib/python2.7/site-packages/requests/__init__.py", line 58, in <module>
    from . import utils
  File "/usr/lib/python2.7/site-packages/requests/utils.py", line 32, in <module>
    from .exceptions import InvalidURL
  File "/usr/lib/python2.7/site-packages/requests/exceptions.py", line 10, in <module>
    from urllib3.exceptions import HTTPError as BaseHTTPError
  File "/usr/lib/python2.7/site-packages/urllib3/__init__.py", line 10, in <module>
    from .connectionpool import (
  File "/usr/lib/python2.7/site-packages/urllib3/connectionpool.py", line 31, in <module>
    from .connection import (
  File "/usr/lib/python2.7/site-packages/urllib3/connection.py", line 45, in <module>
    from .util.ssl_ import (
  File "/usr/lib/python2.7/site-packages/urllib3/util/__init__.py", line 5, in <module>
    from .request import make_headers
  File "/usr/lib/python2.7/site-packages/urllib3/util/request.py", line 5, in <module>
    from ..exceptions import UnrewindableBodyError
ImportError: cannot import name UnrewindableBodyError
[2023-08-08 14:38:41,083] [1692] [tccli.main] [INFO] tccli help
[2023-08-08 14:39:05,229] [1698] [tccli.main] [INFO] tccli clb --help
[2023-08-08 14:39:05,320] [1698] [tccli.main] [ERROR] cannot import name UnrewindableBodyError
Traceback (most recent call last):
  File "/usr/lib/python2.7/site-packages/tccli/main.py", line 41, in main
    CLICommand()()
  File "/usr/lib/python2.7/site-packages/tccli/command.py", line 49, in __call__
    return command_map[parsed_args.command](remaining, parsed_args)
  File "/usr/lib/python2.7/site-packages/tccli/command.py", line 186, in __call__
    command_map = self._get_command_map()
  File "/usr/lib/python2.7/site-packages/tccli/command.py", line 168, in _get_command_map
    self._command_map = self._build_command_map()
  File "/usr/lib/python2.7/site-packages/tccli/command.py", line 181, in _build_command_map
    action_caller=Services.action_caller(self._service_name)()[action],
  File "/usr/lib/python2.7/site-packages/tccli/services/__init__.py", line 9, in action_caller
    mod = imp.load_module("tccli.services." + service, fp, pathname, desc)
  File "/usr/lib/python2.7/site-packages/tccli/services/clb/__init__.py", line 3, in <module>
    from tccli.services.clb.clb_client import action_caller
  File "/usr/lib/python2.7/site-packages/tccli/services/clb/clb_client.py", line 11, in <module>
    from tencentcloud.common import credential
  File "/usr/lib/python2.7/site-packages/tencentcloud/common/credential.py", line 31, in <module>
    from tencentcloud.common.common_client import CommonClient
  File "/usr/lib/python2.7/site-packages/tencentcloud/common/common_client.py", line 19, in <module>
    from tencentcloud.common.abstract_client import AbstractClient
  File "/usr/lib/python2.7/site-packages/tencentcloud/common/abstract_client.py", line 37, in <module>
    from tencentcloud.common.http.request import ApiRequest
  File "/usr/lib/python2.7/site-packages/tencentcloud/common/http/request.py", line 7, in <module>
    import requests
  File "/usr/lib/python2.7/site-packages/requests/__init__.py", line 58, in <module>
    from . import utils
  File "/usr/lib/python2.7/site-packages/requests/utils.py", line 32, in <module>
    from .exceptions import InvalidURL
  File "/usr/lib/python2.7/site-packages/requests/exceptions.py", line 10, in <module>
    from urllib3.exceptions import HTTPError as BaseHTTPError
  File "/usr/lib/python2.7/site-packages/urllib3/__init__.py", line 10, in <module>
    from .connectionpool import (
  File "/usr/lib/python2.7/site-packages/urllib3/connectionpool.py", line 31, in <module>
    from .connection import (
  File "/usr/lib/python2.7/site-packages/urllib3/connection.py", line 45, in <module>
    from .util.ssl_ import (
  File "/usr/lib/python2.7/site-packages/urllib3/util/__init__.py", line 5, in <module>
    from .request import make_headers
  File "/usr/lib/python2.7/site-packages/urllib3/util/request.py", line 5, in <module>
    from ..exceptions import UnrewindableBodyError
ImportError: cannot import name UnrewindableBodyError
[2023-08-08 15:16:21,857] [5168] [tccli.main] [INFO] tccli -v
[2023-08-08 15:16:24,761] [5174] [tccli.main] [INFO] tccli -V
[2023-08-08 15:16:31,850] [5182] [tccli.main] [INFO] tccli hepl
[2023-08-08 15:16:31,868] [5182] [tccli.argparser] [ERROR] tccli [options] <command> <subcommand> [<subcommand> ...] [parameters]
To tccli help text, you can run:

  tccli help
  tccli configure help
  tccli service[cvm] help
  tccli service[cvm] action[RunInstances] help
Invalid choice, valid choices are:
you can run `tccli help` to see valid choices
[2023-08-08 15:16:36,146] [5188] [tccli.main] [INFO] tccli help
[2023-08-08 15:16:44,555] [5194] [tccli.main] [INFO] tccli help --detail
[2023-08-08 15:17:12,123] [5218] [tccli.main] [INFO] tccli help --detail
[2023-08-08 15:29:45,735] [6340] [tccli.main] [INFO] tccli --version
[2023-08-08 15:31:29,395] [6588] [tccli.main] [INFO] tccli configure list
[2023-08-08 15:33:50,020] [6755] [tccli.main] [INFO] tccli clb DescribeLoadBalancers --region ?
[2023-08-08 15:33:50,113] [6755] [tccli.main] [ERROR] cannot import name UnrewindableBodyError
Traceback (most recent call last):
  File "/usr/lib/python2.7/site-packages/tccli/main.py", line 41, in main
    CLICommand()()
  File "/usr/lib/python2.7/site-packages/tccli/command.py", line 49, in __call__
    return command_map[parsed_args.command](remaining, parsed_args)
  File "/usr/lib/python2.7/site-packages/tccli/command.py", line 186, in __call__
    command_map = self._get_command_map()
  File "/usr/lib/python2.7/site-packages/tccli/command.py", line 168, in _get_command_map
    self._command_map = self._build_command_map()
  File "/usr/lib/python2.7/site-packages/tccli/command.py", line 181, in _build_command_map
    action_caller=Services.action_caller(self._service_name)()[action],
  File "/usr/lib/python2.7/site-packages/tccli/services/__init__.py", line 9, in action_caller
    mod = imp.load_module("tccli.services." + service, fp, pathname, desc)
  File "/usr/lib/python2.7/site-packages/tccli/services/clb/__init__.py", line 3, in <module>
    from tccli.services.clb.clb_client import action_caller
  File "/usr/lib/python2.7/site-packages/tccli/services/clb/clb_client.py", line 11, in <module>
    from tencentcloud.common import credential
  File "/usr/lib/python2.7/site-packages/tencentcloud/common/credential.py", line 31, in <module>
    from tencentcloud.common.common_client import CommonClient
  File "/usr/lib/python2.7/site-packages/tencentcloud/common/common_client.py", line 19, in <module>
    from tencentcloud.common.abstract_client import AbstractClient
  File "/usr/lib/python2.7/site-packages/tencentcloud/common/abstract_client.py", line 37, in <module>
    from tencentcloud.common.http.request import ApiRequest
  File "/usr/lib/python2.7/site-packages/tencentcloud/common/http/request.py", line 7, in <module>
    import requests
  File "/usr/lib/python2.7/site-packages/requests/__init__.py", line 58, in <module>
    from . import utils
  File "/usr/lib/python2.7/site-packages/requests/utils.py", line 32, in <module>
    from .exceptions import InvalidURL
  File "/usr/lib/python2.7/site-packages/requests/exceptions.py", line 10, in <module>
    from urllib3.exceptions import HTTPError as BaseHTTPError
  File "/usr/lib/python2.7/site-packages/urllib3/__init__.py", line 10, in <module>
    from .connectionpool import (
  File "/usr/lib/python2.7/site-packages/urllib3/connectionpool.py", line 31, in <module>
    from .connection import (
  File "/usr/lib/python2.7/site-packages/urllib3/connection.py", line 45, in <module>
    from .util.ssl_ import (
  File "/usr/lib/python2.7/site-packages/urllib3/util/__init__.py", line 5, in <module>
    from .request import make_headers
  File "/usr/lib/python2.7/site-packages/urllib3/util/request.py", line 5, in <module>
    from ..exceptions import UnrewindableBodyError
ImportError: cannot import name UnrewindableBodyError
[2023-08-08 15:34:54,463] [6877] [tccli.main] [INFO] tccli clb DescribeLoadBalancers --region ap-hongkong
[2023-08-08 15:34:54,554] [6877] [tccli.main] [ERROR] cannot import name UnrewindableBodyError
Traceback (most recent call last):
  File "/usr/lib/python2.7/site-packages/tccli/main.py", line 41, in main
    CLICommand()()
  File "/usr/lib/python2.7/site-packages/tccli/command.py", line 49, in __call__
    return command_map[parsed_args.command](remaining, parsed_args)
  File "/usr/lib/python2.7/site-packages/tccli/command.py", line 186, in __call__
    command_map = self._get_command_map()
  File "/usr/lib/python2.7/site-packages/tccli/command.py", line 168, in _get_command_map
    self._command_map = self._build_command_map()
  File "/usr/lib/python2.7/site-packages/tccli/command.py", line 181, in _build_command_map
    action_caller=Services.action_caller(self._service_name)()[action],
  File "/usr/lib/python2.7/site-packages/tccli/services/__init__.py", line 9, in action_caller
    mod = imp.load_module("tccli.services." + service, fp, pathname, desc)
  File "/usr/lib/python2.7/site-packages/tccli/services/clb/__init__.py", line 3, in <module>
    from tccli.services.clb.clb_client import action_caller
  File "/usr/lib/python2.7/site-packages/tccli/services/clb/clb_client.py", line 11, in <module>
    from tencentcloud.common import credential
  File "/usr/lib/python2.7/site-packages/tencentcloud/common/credential.py", line 31, in <module>
    from tencentcloud.common.common_client import CommonClient
  File "/usr/lib/python2.7/site-packages/tencentcloud/common/common_client.py", line 19, in <module>
    from tencentcloud.common.abstract_client import AbstractClient
  File "/usr/lib/python2.7/site-packages/tencentcloud/common/abstract_client.py", line 37, in <module>
    from tencentcloud.common.http.request import ApiRequest
  File "/usr/lib/python2.7/site-packages/tencentcloud/common/http/request.py", line 7, in <module>
    import requests
  File "/usr/lib/python2.7/site-packages/requests/__init__.py", line 58, in <module>
    from . import utils
  File "/usr/lib/python2.7/site-packages/requests/utils.py", line 32, in <module>
    from .exceptions import InvalidURL
  File "/usr/lib/python2.7/site-packages/requests/exceptions.py", line 10, in <module>
    from urllib3.exceptions import HTTPError as BaseHTTPError
  File "/usr/lib/python2.7/site-packages/urllib3/__init__.py", line 10, in <module>
    from .connectionpool import (
  File "/usr/lib/python2.7/site-packages/urllib3/connectionpool.py", line 31, in <module>
    from .connection import (
  File "/usr/lib/python2.7/site-packages/urllib3/connection.py", line 45, in <module>
    from .util.ssl_ import (
  File "/usr/lib/python2.7/site-packages/urllib3/util/__init__.py", line 5, in <module>
    from .request import make_headers
  File "/usr/lib/python2.7/site-packages/urllib3/util/request.py", line 5, in <module>
    from ..exceptions import UnrewindableBodyError
ImportError: cannot import name UnrewindableBodyError
[2023-08-08 15:36:45,078] [7071] [tccli.main] [INFO] tccli configure regions
[2023-08-08 15:36:45,097] [7071] [tccli.argparser] [ERROR] tccli [options] <command> <subcommand> [<subcommand> ...] [parameters]
To tccli help text, you can run:

  tccli help
  tccli configure help
  tccli service[cvm] help
  tccli service[cvm] action[RunInstances] help
Invalid choice, valid choices are:
you can run `tccli configure help` to see valid choices
[2023-08-11 02:29:45,801] [1] [tccli.main] [INFO] tccli tail -f /dev/null
[2023-08-11 02:29:45,815] [1] [tccli.argparser] [ERROR] tccli [options] <command> <subcommand> [<subcommand> ...] [parameters]
To tccli help text, you can run:

  tccli help
  tccli configure help
  tccli service[cvm] help
  tccli service[cvm] action[RunInstances] help
Invalid choice, valid choices are:
you can run `tccli help` to see valid choices
[2023-08-11 02:29:46,517] [1] [tccli.main] [INFO] tccli tail -f /dev/null
[2023-08-11 02:29:46,530] [1] [tccli.argparser] [ERROR] tccli [options] <command> <subcommand> [<subcommand> ...] [parameters]
To tccli help text, you can run:

  tccli help
  tccli configure help
  tccli service[cvm] help
  tccli service[cvm] action[RunInstances] help
Invalid choice, valid choices are:
you can run `tccli help` to see valid choices
[2023-08-11 02:29:47,179] [1] [tccli.main] [INFO] tccli tail -f /dev/null
[2023-08-11 02:29:47,192] [1] [tccli.argparser] [ERROR] tccli [options] <command> <subcommand> [<subcommand> ...] [parameters]
To tccli help text, you can run:

  tccli help
  tccli configure help
  tccli service[cvm] help
  tccli service[cvm] action[RunInstances] help
Invalid choice, valid choices are:
you can run `tccli help` to see valid choices
[2023-08-11 02:29:48,026] [1] [tccli.main] [INFO] tccli tail -f /dev/null
[2023-08-11 02:29:48,039] [1] [tccli.argparser] [ERROR] tccli [options] <command> <subcommand> [<subcommand> ...] [parameters]
To tccli help text, you can run:

  tccli help
  tccli configure help
  tccli service[cvm] help
  tccli service[cvm] action[RunInstances] help
Invalid choice, valid choices are:
you can run `tccli help` to see valid choices
[2023-08-11 02:29:49,276] [1] [tccli.main] [INFO] tccli tail -f /dev/null
[2023-08-11 02:29:49,289] [1] [tccli.argparser] [ERROR] tccli [options] <command> <subcommand> [<subcommand> ...] [parameters]
To tccli help text, you can run:

  tccli help
  tccli configure help
  tccli service[cvm] help
  tccli service[cvm] action[RunInstances] help
Invalid choice, valid choices are:
you can run `tccli help` to see valid choices
[2023-08-11 02:29:51,318] [1] [tccli.main] [INFO] tccli tail -f /dev/null
[2023-08-11 02:29:51,331] [1] [tccli.argparser] [ERROR] tccli [options] <command> <subcommand> [<subcommand> ...] [parameters]
To tccli help text, you can run:

  tccli help
  tccli configure help
  tccli service[cvm] help
  tccli service[cvm] action[RunInstances] help
Invalid choice, valid choices are:
you can run `tccli help` to see valid choices
[2023-08-11 02:29:54,969] [1] [tccli.main] [INFO] tccli tail -f /dev/null
[2023-08-11 02:29:54,982] [1] [tccli.argparser] [ERROR] tccli [options] <command> <subcommand> [<subcommand> ...] [parameters]
To tccli help text, you can run:

  tccli help
  tccli configure help
  tccli service[cvm] help
  tccli service[cvm] action[RunInstances] help
Invalid choice, valid choices are:
you can run `tccli help` to see valid choices
[2023-08-11 02:30:01,853] [1] [tccli.main] [INFO] tccli tail -f /dev/null
[2023-08-11 02:30:01,868] [1] [tccli.argparser] [ERROR] tccli [options] <command> <subcommand> [<subcommand> ...] [parameters]
To tccli help text, you can run:

  tccli help
  tccli configure help
  tccli service[cvm] help
  tccli service[cvm] action[RunInstances] help
Invalid choice, valid choices are:
you can run `tccli help` to see valid choices
[2023-08-11 02:30:15,117] [1] [tccli.main] [INFO] tccli tail -f /dev/null
[2023-08-11 02:30:15,130] [1] [tccli.argparser] [ERROR] tccli [options] <command> <subcommand> [<subcommand> ...] [parameters]
To tccli help text, you can run:

  tccli help
  tccli configure help
  tccli service[cvm] help
  tccli service[cvm] action[RunInstances] help
Invalid choice, valid choices are:
you can run `tccli help` to see valid choices
[2023-08-11 02:30:41,170] [1] [tccli.main] [INFO] tccli tail -f /dev/null
[2023-08-11 02:30:41,184] [1] [tccli.argparser] [ERROR] tccli [options] <command> <subcommand> [<subcommand> ...] [parameters]
To tccli help text, you can run:

  tccli help
  tccli configure help
  tccli service[cvm] help
  tccli service[cvm] action[RunInstances] help
Invalid choice, valid choices are:
you can run `tccli help` to see valid choices
[2023-08-11 02:31:32,826] [1] [tccli.main] [INFO] tccli tail -f /dev/null
[2023-08-11 02:31:32,840] [1] [tccli.argparser] [ERROR] tccli [options] <command> <subcommand> [<subcommand> ...] [parameters]
To tccli help text, you can run:

  tccli help
  tccli configure help
  tccli service[cvm] help
  tccli service[cvm] action[RunInstances] help
Invalid choice, valid choices are:
you can run `tccli help` to see valid choices
[2023-08-11 13:51:22,317] [15] [tccli.main] [INFO] tccli list
[2023-08-11 13:51:22,330] [15] [tccli.argparser] [ERROR] tccli [options] <command> <subcommand> [<subcommand> ...] [parameters]
To tccli help text, you can run:

  tccli help
  tccli configure help
  tccli service[cvm] help
  tccli service[cvm] action[RunInstances] help
Invalid choice, valid choices are:
you can run `tccli help` to see valid choices
[2023-08-11 13:58:33,604] [14] [tccli.main] [INFO] tccli clb DescribeLoadBalancers --region ap-hongkong --secretId IKIDWMEzqvy0BBza0EVCXwOkMrSBqXCf7WuH --secretKey U1QmzCY0JQK4fR5c1MbidLrCUgstiaTC
[2023-08-11 14:57:39,416] [28] [tccli.main] [INFO] tccli clb CreateLoadBalancer --LoadBalancerName api-elb-7300 --LoadBalancerType OPEN --region ap-hongkong --secretId IKIDWMEzqvy0BBza0EVCXwOkMrSBqXCf7WuH --secretKey U1QmzCY0JQK4fR5c1MbidLrCUgstiaTC
[2023-08-11 14:57:50,347] [33] [tccli.main] [INFO] tccli clb CreateListener --cli-unfold-argument --HealthCheck.UnHealthNum 4 --HealthCheck.HealthNum 4 --HealthCheck.IntervalTime 7 --HealthCheck.TimeOut 5 --HealthCheck.HealthSwitch 1 --Protocol TCP --Ports 80 --ListenerNames 80 --LoadBalancerId lb-112bma0y --region ap-hongkong --secretId IKIDWMEzqvy0BBza0EVCXwOkMrSBqXCf7WuH --secretKey U1QmzCY0JQK4fR5c1MbidLrCUgstiaTC
[2023-08-11 14:57:55,933] [38] [tccli.main] [INFO] tccli clb RegisterTargets --cli-unfold-argument --LoadBalancerId lb-112bma0y --ListenerId lbl-5xo2rfyi --Targets.0.InstanceId ins-jb4zks3w --Targets.0.Port 80 --Targets.0.Weight 10 --secretId IKIDWMEzqvy0BBza0EVCXwOkMrSBqXCf7WuH --secretKey U1QmzCY0JQK4fR5c1MbidLrCUgstiaTC --region ap-hongkong
[2023-08-11 14:58:01,762] [40] [tccli.main] [INFO] tccli clb RegisterTargets --cli-unfold-argument --LoadBalancerId lb-112bma0y --ListenerId lbl-5xo2rfyi --Targets.0.InstanceId ins-4ybpiy5o --Targets.0.Port 80 --Targets.0.Weight 10 --secretId IKIDWMEzqvy0BBza0EVCXwOkMrSBqXCf7WuH --secretKey U1QmzCY0JQK4fR5c1MbidLrCUgstiaTC --region ap-hongkong
[2023-08-11 14:58:12,671] [42] [tccli.main] [INFO] tccli clb CreateListener --cli-unfold-argument --HealthCheck.UnHealthNum 4 --HealthCheck.HealthNum 4 --HealthCheck.IntervalTime 7 --HealthCheck.TimeOut 5 --HealthCheck.HealthSwitch 1 --Protocol TCP --Ports 443 --ListenerNames 443 --LoadBalancerId lb-112bma0y --region ap-hongkong --secretId IKIDWMEzqvy0BBza0EVCXwOkMrSBqXCf7WuH --secretKey U1QmzCY0JQK4fR5c1MbidLrCUgstiaTC
[2023-08-11 14:58:18,232] [47] [tccli.main] [INFO] tccli clb RegisterTargets --cli-unfold-argument --LoadBalancerId lb-112bma0y --ListenerId lbl-h4y5m7d4 --Targets.0.InstanceId ins-jb4zks3w --Targets.0.Port 443 --Targets.0.Weight 10 --secretId IKIDWMEzqvy0BBza0EVCXwOkMrSBqXCf7WuH --secretKey U1QmzCY0JQK4fR5c1MbidLrCUgstiaTC --region ap-hongkong
[2023-08-11 14:58:24,039] [49] [tccli.main] [INFO] tccli clb RegisterTargets --cli-unfold-argument --LoadBalancerId lb-112bma0y --ListenerId lbl-h4y5m7d4 --Targets.0.InstanceId ins-4ybpiy5o --Targets.0.Port 443 --Targets.0.Weight 10 --secretId IKIDWMEzqvy0BBza0EVCXwOkMrSBqXCf7WuH --secretKey U1QmzCY0JQK4fR5c1MbidLrCUgstiaTC --region ap-hongkong
[2023-08-11 14:58:30,009] [52] [tccli.main] [INFO] tccli clb DescribeLoadBalancers --LoadBalancerIds ["lb-112bma0y"] --region ap-hongkong --secretId IKIDWMEzqvy0BBza0EVCXwOkMrSBqXCf7WuH --secretKey U1QmzCY0JQK4fR5c1MbidLrCUgstiaTC
[2023-08-11 15:36:28,928] [13] [tccli.main] [INFO] tccli clb CreateLoadBalancer --LoadBalancerName api-elb-9991 --LoadBalancerType OPEN --region ap-hongkong --secretId IKIDWMEzqvy0BBza0EVCXwOkMrSBqXCf7WuH --secretKey U1QmzCY0JQK4fR5c1MbidLrCUgstiaTC
[2023-08-11 15:36:39,476] [18] [tccli.main] [INFO] tccli clb CreateListener --cli-unfold-argument --HealthCheck.UnHealthNum 4 --HealthCheck.HealthNum 4 --HealthCheck.IntervalTime 7 --HealthCheck.TimeOut 5 --HealthCheck.HealthSwitch 1 --Protocol TCP --Ports 80 --ListenerNames 80 --LoadBalancerId lb-ce9zd8vg --region ap-hongkong --secretId IKIDWMEzqvy0BBza0EVCXwOkMrSBqXCf7WuH --secretKey U1QmzCY0JQK4fR5c1MbidLrCUgstiaTC
[2023-08-11 15:36:45,233] [23] [tccli.main] [INFO] tccli clb RegisterTargets --cli-unfold-argument --LoadBalancerId lb-ce9zd8vg --ListenerId lbl-7do96u68 --Targets.0.InstanceId ins-jb4zks3w --Targets.0.Port 80 --Targets.0.Weight 10 --secretId IKIDWMEzqvy0BBza0EVCXwOkMrSBqXCf7WuH --secretKey U1QmzCY0JQK4fR5c1MbidLrCUgstiaTC --region ap-hongkong
[2023-08-11 15:36:51,022] [25] [tccli.main] [INFO] tccli clb RegisterTargets --cli-unfold-argument --LoadBalancerId lb-ce9zd8vg --ListenerId lbl-7do96u68 --Targets.0.InstanceId ins-4ybpiy5o --Targets.0.Port 80 --Targets.0.Weight 10 --secretId IKIDWMEzqvy0BBza0EVCXwOkMrSBqXCf7WuH --secretKey U1QmzCY0JQK4fR5c1MbidLrCUgstiaTC --region ap-hongkong
[2023-08-11 15:36:56,815] [27] [tccli.main] [INFO] tccli clb CreateListener --cli-unfold-argument --HealthCheck.UnHealthNum 4 --HealthCheck.HealthNum 4 --HealthCheck.IntervalTime 7 --HealthCheck.TimeOut 5 --HealthCheck.HealthSwitch 1 --Protocol TCP --Ports 443 --ListenerNames 443 --LoadBalancerId lb-ce9zd8vg --region ap-hongkong --secretId IKIDWMEzqvy0BBza0EVCXwOkMrSBqXCf7WuH --secretKey U1QmzCY0JQK4fR5c1MbidLrCUgstiaTC
[2023-08-11 15:37:02,458] [32] [tccli.main] [INFO] tccli clb RegisterTargets --cli-unfold-argument --LoadBalancerId lb-ce9zd8vg --ListenerId lbl-kyqmvlr8 --Targets.0.InstanceId ins-jb4zks3w --Targets.0.Port 443 --Targets.0.Weight 10 --secretId IKIDWMEzqvy0BBza0EVCXwOkMrSBqXCf7WuH --secretKey U1QmzCY0JQK4fR5c1MbidLrCUgstiaTC --region ap-hongkong
[2023-08-11 15:37:08,296] [34] [tccli.main] [INFO] tccli clb RegisterTargets --cli-unfold-argument --LoadBalancerId lb-ce9zd8vg --ListenerId lbl-kyqmvlr8 --Targets.0.InstanceId ins-4ybpiy5o --Targets.0.Port 443 --Targets.0.Weight 10 --secretId IKIDWMEzqvy0BBza0EVCXwOkMrSBqXCf7WuH --secretKey U1QmzCY0JQK4fR5c1MbidLrCUgstiaTC --region ap-hongkong
[2023-08-11 15:37:14,407] [37] [tccli.main] [INFO] tccli clb DescribeLoadBalancers --LoadBalancerIds ["lb-ce9zd8vg"] --region ap-hongkong --secretId IKIDWMEzqvy0BBza0EVCXwOkMrSBqXCf7WuH --secretKey U1QmzCY0JQK4fR5c1MbidLrCUgstiaTC
[2023-08-11 15:37:15,400] [12] [tccli.main] [INFO] tccli clb CreateLoadBalancer --LoadBalancerName api-elb-3187 --LoadBalancerType OPEN --region ap-hongkong --secretId IKIDWMEzqvy0BBza0EVCXwOkMrSBqXCf7WuH --secretKey U1QmzCY0JQK4fR5c1MbidLrCUgstiaTC
[2023-08-11 15:37:25,460] [17] [tccli.main] [INFO] tccli clb CreateListener --cli-unfold-argument --HealthCheck.UnHealthNum 4 --HealthCheck.HealthNum 4 --HealthCheck.IntervalTime 7 --HealthCheck.TimeOut 5 --HealthCheck.HealthSwitch 1 --Protocol TCP --Ports 80 --ListenerNames 80 --LoadBalancerId lb-0zuezmli --region ap-hongkong --secretId IKIDWMEzqvy0BBza0EVCXwOkMrSBqXCf7WuH --secretKey U1QmzCY0JQK4fR5c1MbidLrCUgstiaTC
[2023-08-11 15:37:31,078] [22] [tccli.main] [INFO] tccli clb RegisterTargets --cli-unfold-argument --LoadBalancerId lb-0zuezmli --ListenerId lbl-jqcx9pt0 --Targets.0.InstanceId ins-jb4zks3w --Targets.0.Port 80 --Targets.0.Weight 10 --secretId IKIDWMEzqvy0BBza0EVCXwOkMrSBqXCf7WuH --secretKey U1QmzCY0JQK4fR5c1MbidLrCUgstiaTC --region ap-hongkong
[2023-08-11 15:37:36,742] [24] [tccli.main] [INFO] tccli clb RegisterTargets --cli-unfold-argument --LoadBalancerId lb-0zuezmli --ListenerId lbl-jqcx9pt0 --Targets.0.InstanceId ins-4ybpiy5o --Targets.0.Port 80 --Targets.0.Weight 10 --secretId IKIDWMEzqvy0BBza0EVCXwOkMrSBqXCf7WuH --secretKey U1QmzCY0JQK4fR5c1MbidLrCUgstiaTC --region ap-hongkong
[2023-08-11 15:37:42,813] [26] [tccli.main] [INFO] tccli clb CreateListener --cli-unfold-argument --HealthCheck.UnHealthNum 4 --HealthCheck.HealthNum 4 --HealthCheck.IntervalTime 7 --HealthCheck.TimeOut 5 --HealthCheck.HealthSwitch 1 --Protocol TCP --Ports 443 --ListenerNames 443 --LoadBalancerId lb-0zuezmli --region ap-hongkong --secretId IKIDWMEzqvy0BBza0EVCXwOkMrSBqXCf7WuH --secretKey U1QmzCY0JQK4fR5c1MbidLrCUgstiaTC
[2023-08-11 15:37:48,428] [31] [tccli.main] [INFO] tccli clb RegisterTargets --cli-unfold-argument --LoadBalancerId lb-0zuezmli --ListenerId lbl-jfi7o214 --Targets.0.InstanceId ins-jb4zks3w --Targets.0.Port 443 --Targets.0.Weight 10 --secretId IKIDWMEzqvy0BBza0EVCXwOkMrSBqXCf7WuH --secretKey U1QmzCY0JQK4fR5c1MbidLrCUgstiaTC --region ap-hongkong
[2023-08-11 15:37:54,438] [33] [tccli.main] [INFO] tccli clb RegisterTargets --cli-unfold-argument --LoadBalancerId lb-0zuezmli --ListenerId lbl-jfi7o214 --Targets.0.InstanceId ins-4ybpiy5o --Targets.0.Port 443 --Targets.0.Weight 10 --secretId IKIDWMEzqvy0BBza0EVCXwOkMrSBqXCf7WuH --secretKey U1QmzCY0JQK4fR5c1MbidLrCUgstiaTC --region ap-hongkong
[2023-08-11 15:38:00,235] [36] [tccli.main] [INFO] tccli clb DescribeLoadBalancers --LoadBalancerIds ["lb-0zuezmli"] --region ap-hongkong --secretId IKIDWMEzqvy0BBza0EVCXwOkMrSBqXCf7WuH --secretKey U1QmzCY0JQK4fR5c1MbidLrCUgstiaTC
[2023-08-11 15:38:01,181] [12] [tccli.main] [INFO] tccli clb CreateLoadBalancer --LoadBalancerName api-elb-2048 --LoadBalancerType OPEN --region ap-hongkong --secretId IKIDWMEzqvy0BBza0EVCXwOkMrSBqXCf7WuH --secretKey U1QmzCY0JQK4fR5c1MbidLrCUgstiaTC
[2023-08-11 15:38:12,398] [17] [tccli.main] [INFO] tccli clb CreateListener --cli-unfold-argument --HealthCheck.UnHealthNum 4 --HealthCheck.HealthNum 4 --HealthCheck.IntervalTime 7 --HealthCheck.TimeOut 5 --HealthCheck.HealthSwitch 1 --Protocol TCP --Ports 80 --ListenerNames 80 --LoadBalancerId lb-dlfpqshs --region ap-hongkong --secretId IKIDWMEzqvy0BBza0EVCXwOkMrSBqXCf7WuH --secretKey U1QmzCY0JQK4fR5c1MbidLrCUgstiaTC
[2023-08-11 15:38:18,089] [22] [tccli.main] [INFO] tccli clb RegisterTargets --cli-unfold-argument --LoadBalancerId lb-dlfpqshs --ListenerId lbl-k2otnbke --Targets.0.InstanceId ins-jb4zks3w --Targets.0.Port 80 --Targets.0.Weight 10 --secretId IKIDWMEzqvy0BBza0EVCXwOkMrSBqXCf7WuH --secretKey U1QmzCY0JQK4fR5c1MbidLrCUgstiaTC --region ap-hongkong
[2023-08-11 15:38:23,844] [24] [tccli.main] [INFO] tccli clb RegisterTargets --cli-unfold-argument --LoadBalancerId lb-dlfpqshs --ListenerId lbl-k2otnbke --Targets.0.InstanceId ins-4ybpiy5o --Targets.0.Port 80 --Targets.0.Weight 10 --secretId IKIDWMEzqvy0BBza0EVCXwOkMrSBqXCf7WuH --secretKey U1QmzCY0JQK4fR5c1MbidLrCUgstiaTC --region ap-hongkong
[2023-08-11 15:38:29,787] [26] [tccli.main] [INFO] tccli clb CreateListener --cli-unfold-argument --HealthCheck.UnHealthNum 4 --HealthCheck.HealthNum 4 --HealthCheck.IntervalTime 7 --HealthCheck.TimeOut 5 --HealthCheck.HealthSwitch 1 --Protocol TCP --Ports 443 --ListenerNames 443 --LoadBalancerId lb-dlfpqshs --region ap-hongkong --secretId IKIDWMEzqvy0BBza0EVCXwOkMrSBqXCf7WuH --secretKey U1QmzCY0JQK4fR5c1MbidLrCUgstiaTC
[2023-08-11 15:38:35,371] [31] [tccli.main] [INFO] tccli clb RegisterTargets --cli-unfold-argument --LoadBalancerId lb-dlfpqshs --ListenerId lbl-42ss2bz6 --Targets.0.InstanceId ins-jb4zks3w --Targets.0.Port 443 --Targets.0.Weight 10 --secretId IKIDWMEzqvy0BBza0EVCXwOkMrSBqXCf7WuH --secretKey U1QmzCY0JQK4fR5c1MbidLrCUgstiaTC --region ap-hongkong
[2023-08-11 15:38:41,167] [33] [tccli.main] [INFO] tccli clb RegisterTargets --cli-unfold-argument --LoadBalancerId lb-dlfpqshs --ListenerId lbl-42ss2bz6 --Targets.0.InstanceId ins-4ybpiy5o --Targets.0.Port 443 --Targets.0.Weight 10 --secretId IKIDWMEzqvy0BBza0EVCXwOkMrSBqXCf7WuH --secretKey U1QmzCY0JQK4fR5c1MbidLrCUgstiaTC --region ap-hongkong
[2023-08-11 15:38:47,160] [36] [tccli.main] [INFO] tccli clb DescribeLoadBalancers --LoadBalancerIds ["lb-dlfpqshs"] --region ap-hongkong --secretId IKIDWMEzqvy0BBza0EVCXwOkMrSBqXCf7WuH --secretKey U1QmzCY0JQK4fR5c1MbidLrCUgstiaTC
[2023-08-11 15:38:48,158] [13] [tccli.main] [INFO] tccli clb CreateLoadBalancer --LoadBalancerName api-elb-4593 --LoadBalancerType OPEN --region ap-hongkong --secretId IKIDWMEzqvy0BBza0EVCXwOkMrSBqXCf7WuH --secretKey U1QmzCY0JQK4fR5c1MbidLrCUgstiaTC
[2023-08-11 15:38:57,804] [18] [tccli.main] [INFO] tccli clb CreateListener --cli-unfold-argument --HealthCheck.UnHealthNum 4 --HealthCheck.HealthNum 4 --HealthCheck.IntervalTime 7 --HealthCheck.TimeOut 5 --HealthCheck.HealthSwitch 1 --Protocol TCP --Ports 80 --ListenerNames 80 --LoadBalancerId lb-rz4c5nc8 --region ap-hongkong --secretId IKIDWMEzqvy0BBza0EVCXwOkMrSBqXCf7WuH --secretKey U1QmzCY0JQK4fR5c1MbidLrCUgstiaTC
[2023-08-11 15:39:03,409] [23] [tccli.main] [INFO] tccli clb RegisterTargets --cli-unfold-argument --LoadBalancerId lb-rz4c5nc8 --ListenerId lbl-ict9ly4q --Targets.0.InstanceId ins-jb4zks3w --Targets.0.Port 80 --Targets.0.Weight 10 --secretId IKIDWMEzqvy0BBza0EVCXwOkMrSBqXCf7WuH --secretKey U1QmzCY0JQK4fR5c1MbidLrCUgstiaTC --region ap-hongkong
[2023-08-11 15:39:09,120] [25] [tccli.main] [INFO] tccli clb RegisterTargets --cli-unfold-argument --LoadBalancerId lb-rz4c5nc8 --ListenerId lbl-ict9ly4q --Targets.0.InstanceId ins-4ybpiy5o --Targets.0.Port 80 --Targets.0.Weight 10 --secretId IKIDWMEzqvy0BBza0EVCXwOkMrSBqXCf7WuH --secretKey U1QmzCY0JQK4fR5c1MbidLrCUgstiaTC --region ap-hongkong
[2023-08-11 15:39:15,238] [27] [tccli.main] [INFO] tccli clb CreateListener --cli-unfold-argument --HealthCheck.UnHealthNum 4 --HealthCheck.HealthNum 4 --HealthCheck.IntervalTime 7 --HealthCheck.TimeOut 5 --HealthCheck.HealthSwitch 1 --Protocol TCP --Ports 443 --ListenerNames 443 --LoadBalancerId lb-rz4c5nc8 --region ap-hongkong --secretId IKIDWMEzqvy0BBza0EVCXwOkMrSBqXCf7WuH --secretKey U1QmzCY0JQK4fR5c1MbidLrCUgstiaTC
[2023-08-11 15:39:20,803] [32] [tccli.main] [INFO] tccli clb RegisterTargets --cli-unfold-argument --LoadBalancerId lb-rz4c5nc8 --ListenerId lbl-cjge9euc --Targets.0.InstanceId ins-jb4zks3w --Targets.0.Port 443 --Targets.0.Weight 10 --secretId IKIDWMEzqvy0BBza0EVCXwOkMrSBqXCf7WuH --secretKey U1QmzCY0JQK4fR5c1MbidLrCUgstiaTC --region ap-hongkong
[2023-08-11 15:39:26,610] [34] [tccli.main] [INFO] tccli clb RegisterTargets --cli-unfold-argument --LoadBalancerId lb-rz4c5nc8 --ListenerId lbl-cjge9euc --Targets.0.InstanceId ins-4ybpiy5o --Targets.0.Port 443 --Targets.0.Weight 10 --secretId IKIDWMEzqvy0BBza0EVCXwOkMrSBqXCf7WuH --secretKey U1QmzCY0JQK4fR5c1MbidLrCUgstiaTC --region ap-hongkong
[2023-08-11 15:39:32,448] [37] [tccli.main] [INFO] tccli clb DescribeLoadBalancers --LoadBalancerIds ["lb-rz4c5nc8"] --region ap-hongkong --secretId IKIDWMEzqvy0BBza0EVCXwOkMrSBqXCf7WuH --secretKey U1QmzCY0JQK4fR5c1MbidLrCUgstiaTC
[2023-08-11 15:39:33,370] [13] [tccli.main] [INFO] tccli clb CreateLoadBalancer --LoadBalancerName api-elb-1262 --LoadBalancerType OPEN --region ap-hongkong --secretId IKIDWMEzqvy0BBza0EVCXwOkMrSBqXCf7WuH --secretKey U1QmzCY0JQK4fR5c1MbidLrCUgstiaTC
[2023-08-11 15:39:43,096] [18] [tccli.main] [INFO] tccli clb CreateListener --cli-unfold-argument --HealthCheck.UnHealthNum 4 --HealthCheck.HealthNum 4 --HealthCheck.IntervalTime 7 --HealthCheck.TimeOut 5 --HealthCheck.HealthSwitch 1 --Protocol TCP --Ports 80 --ListenerNames 80 --LoadBalancerId lb-kq4wtjeu --region ap-hongkong --secretId IKIDWMEzqvy0BBza0EVCXwOkMrSBqXCf7WuH --secretKey U1QmzCY0JQK4fR5c1MbidLrCUgstiaTC
[2023-08-11 15:39:48,683] [23] [tccli.main] [INFO] tccli clb RegisterTargets --cli-unfold-argument --LoadBalancerId lb-kq4wtjeu --ListenerId lbl-b3nvinqa --Targets.0.InstanceId ins-jb4zks3w --Targets.0.Port 80 --Targets.0.Weight 10 --secretId IKIDWMEzqvy0BBza0EVCXwOkMrSBqXCf7WuH --secretKey U1QmzCY0JQK4fR5c1MbidLrCUgstiaTC --region ap-hongkong
[2023-08-11 15:39:54,378] [25] [tccli.main] [INFO] tccli clb RegisterTargets --cli-unfold-argument --LoadBalancerId lb-kq4wtjeu --ListenerId lbl-b3nvinqa --Targets.0.InstanceId ins-4ybpiy5o --Targets.0.Port 80 --Targets.0.Weight 10 --secretId IKIDWMEzqvy0BBza0EVCXwOkMrSBqXCf7WuH --secretKey U1QmzCY0JQK4fR5c1MbidLrCUgstiaTC --region ap-hongkong
[2023-08-11 15:40:00,155] [27] [tccli.main] [INFO] tccli clb CreateListener --cli-unfold-argument --HealthCheck.UnHealthNum 4 --HealthCheck.HealthNum 4 --HealthCheck.IntervalTime 7 --HealthCheck.TimeOut 5 --HealthCheck.HealthSwitch 1 --Protocol TCP --Ports 443 --ListenerNames 443 --LoadBalancerId lb-kq4wtjeu --region ap-hongkong --secretId IKIDWMEzqvy0BBza0EVCXwOkMrSBqXCf7WuH --secretKey U1QmzCY0JQK4fR5c1MbidLrCUgstiaTC
[2023-08-11 15:40:05,736] [32] [tccli.main] [INFO] tccli clb RegisterTargets --cli-unfold-argument --LoadBalancerId lb-kq4wtjeu --ListenerId lbl-oka6omuc --Targets.0.InstanceId ins-jb4zks3w --Targets.0.Port 443 --Targets.0.Weight 10 --secretId IKIDWMEzqvy0BBza0EVCXwOkMrSBqXCf7WuH --secretKey U1QmzCY0JQK4fR5c1MbidLrCUgstiaTC --region ap-hongkong
[2023-08-11 15:40:11,892] [34] [tccli.main] [INFO] tccli clb RegisterTargets --cli-unfold-argument --LoadBalancerId lb-kq4wtjeu --ListenerId lbl-oka6omuc --Targets.0.InstanceId ins-4ybpiy5o --Targets.0.Port 443 --Targets.0.Weight 10 --secretId IKIDWMEzqvy0BBza0EVCXwOkMrSBqXCf7WuH --secretKey U1QmzCY0JQK4fR5c1MbidLrCUgstiaTC --region ap-hongkong
[2023-08-11 15:40:17,830] [37] [tccli.main] [INFO] tccli clb DescribeLoadBalancers --LoadBalancerIds ["lb-kq4wtjeu"] --region ap-hongkong --secretId IKIDWMEzqvy0BBza0EVCXwOkMrSBqXCf7WuH --secretKey U1QmzCY0JQK4fR5c1MbidLrCUgstiaTC
[2023-08-11 15:40:18,789] [12] [tccli.main] [INFO] tccli clb CreateLoadBalancer --LoadBalancerName api-elb-4750 --LoadBalancerType OPEN --region ap-hongkong --secretId IKIDWMEzqvy0BBza0EVCXwOkMrSBqXCf7WuH --secretKey U1QmzCY0JQK4fR5c1MbidLrCUgstiaTC
[2023-08-11 15:40:30,364] [17] [tccli.main] [INFO] tccli clb CreateListener --cli-unfold-argument --HealthCheck.UnHealthNum 4 --HealthCheck.HealthNum 4 --HealthCheck.IntervalTime 7 --HealthCheck.TimeOut 5 --HealthCheck.HealthSwitch 1 --Protocol TCP --Ports 80 --ListenerNames 80 --LoadBalancerId lb-5aignk5k --region ap-hongkong --secretId IKIDWMEzqvy0BBza0EVCXwOkMrSBqXCf7WuH --secretKey U1QmzCY0JQK4fR5c1MbidLrCUgstiaTC
[2023-08-11 15:40:36,015] [22] [tccli.main] [INFO] tccli clb RegisterTargets --cli-unfold-argument --LoadBalancerId lb-5aignk5k --ListenerId lbl-0burdy9a --Targets.0.InstanceId ins-jb4zks3w --Targets.0.Port 80 --Targets.0.Weight 10 --secretId IKIDWMEzqvy0BBza0EVCXwOkMrSBqXCf7WuH --secretKey U1QmzCY0JQK4fR5c1MbidLrCUgstiaTC --region ap-hongkong
[2023-08-11 15:40:41,739] [24] [tccli.main] [INFO] tccli clb RegisterTargets --cli-unfold-argument --LoadBalancerId lb-5aignk5k --ListenerId lbl-0burdy9a --Targets.0.InstanceId ins-4ybpiy5o --Targets.0.Port 80 --Targets.0.Weight 10 --secretId IKIDWMEzqvy0BBza0EVCXwOkMrSBqXCf7WuH --secretKey U1QmzCY0JQK4fR5c1MbidLrCUgstiaTC --region ap-hongkong
[2023-08-11 15:40:47,500] [26] [tccli.main] [INFO] tccli clb CreateListener --cli-unfold-argument --HealthCheck.UnHealthNum 4 --HealthCheck.HealthNum 4 --HealthCheck.IntervalTime 7 --HealthCheck.TimeOut 5 --HealthCheck.HealthSwitch 1 --Protocol TCP --Ports 443 --ListenerNames 443 --LoadBalancerId lb-5aignk5k --region ap-hongkong --secretId IKIDWMEzqvy0BBza0EVCXwOkMrSBqXCf7WuH --secretKey U1QmzCY0JQK4fR5c1MbidLrCUgstiaTC
[2023-08-11 15:40:53,096] [31] [tccli.main] [INFO] tccli clb RegisterTargets --cli-unfold-argument --LoadBalancerId lb-5aignk5k --ListenerId lbl-eipo11rc --Targets.0.InstanceId ins-jb4zks3w --Targets.0.Port 443 --Targets.0.Weight 10 --secretId IKIDWMEzqvy0BBza0EVCXwOkMrSBqXCf7WuH --secretKey U1QmzCY0JQK4fR5c1MbidLrCUgstiaTC --region ap-hongkong
[2023-08-11 15:40:58,976] [33] [tccli.main] [INFO] tccli clb RegisterTargets --cli-unfold-argument --LoadBalancerId lb-5aignk5k --ListenerId lbl-eipo11rc --Targets.0.InstanceId ins-4ybpiy5o --Targets.0.Port 443 --Targets.0.Weight 10 --secretId IKIDWMEzqvy0BBza0EVCXwOkMrSBqXCf7WuH --secretKey U1QmzCY0JQK4fR5c1MbidLrCUgstiaTC --region ap-hongkong
[2023-08-11 15:41:04,926] [36] [tccli.main] [INFO] tccli clb DescribeLoadBalancers --LoadBalancerIds ["lb-5aignk5k"] --region ap-hongkong --secretId IKIDWMEzqvy0BBza0EVCXwOkMrSBqXCf7WuH --secretKey U1QmzCY0JQK4fR5c1MbidLrCUgstiaTC
[2023-08-11 15:41:05,930] [13] [tccli.main] [INFO] tccli clb CreateLoadBalancer --LoadBalancerName api-elb-2976 --LoadBalancerType OPEN --region ap-hongkong --secretId IKIDWMEzqvy0BBza0EVCXwOkMrSBqXCf7WuH --secretKey U1QmzCY0JQK4fR5c1MbidLrCUgstiaTC
[2023-08-11 15:41:15,833] [18] [tccli.main] [INFO] tccli clb CreateListener --cli-unfold-argument --HealthCheck.UnHealthNum 4 --HealthCheck.HealthNum 4 --HealthCheck.IntervalTime 7 --HealthCheck.TimeOut 5 --HealthCheck.HealthSwitch 1 --Protocol TCP --Ports 80 --ListenerNames 80 --LoadBalancerId lb-oppl5bn2 --region ap-hongkong --secretId IKIDWMEzqvy0BBza0EVCXwOkMrSBqXCf7WuH --secretKey U1QmzCY0JQK4fR5c1MbidLrCUgstiaTC
[2023-08-11 15:41:21,429] [23] [tccli.main] [INFO] tccli clb RegisterTargets --cli-unfold-argument --LoadBalancerId lb-oppl5bn2 --ListenerId lbl-1fsnf950 --Targets.0.InstanceId ins-jb4zks3w --Targets.0.Port 80 --Targets.0.Weight 10 --secretId IKIDWMEzqvy0BBza0EVCXwOkMrSBqXCf7WuH --secretKey U1QmzCY0JQK4fR5c1MbidLrCUgstiaTC --region ap-hongkong
[2023-08-11 15:41:27,080] [25] [tccli.main] [INFO] tccli clb RegisterTargets --cli-unfold-argument --LoadBalancerId lb-oppl5bn2 --ListenerId lbl-1fsnf950 --Targets.0.InstanceId ins-4ybpiy5o --Targets.0.Port 80 --Targets.0.Weight 10 --secretId IKIDWMEzqvy0BBza0EVCXwOkMrSBqXCf7WuH --secretKey U1QmzCY0JQK4fR5c1MbidLrCUgstiaTC --region ap-hongkong
[2023-08-11 15:41:32,850] [27] [tccli.main] [INFO] tccli clb CreateListener --cli-unfold-argument --HealthCheck.UnHealthNum 4 --HealthCheck.HealthNum 4 --HealthCheck.IntervalTime 7 --HealthCheck.TimeOut 5 --HealthCheck.HealthSwitch 1 --Protocol TCP --Ports 443 --ListenerNames 443 --LoadBalancerId lb-oppl5bn2 --region ap-hongkong --secretId IKIDWMEzqvy0BBza0EVCXwOkMrSBqXCf7WuH --secretKey U1QmzCY0JQK4fR5c1MbidLrCUgstiaTC
[2023-08-11 15:41:38,403] [32] [tccli.main] [INFO] tccli clb RegisterTargets --cli-unfold-argument --LoadBalancerId lb-oppl5bn2 --ListenerId lbl-8lcxhcro --Targets.0.InstanceId ins-jb4zks3w --Targets.0.Port 443 --Targets.0.Weight 10 --secretId IKIDWMEzqvy0BBza0EVCXwOkMrSBqXCf7WuH --secretKey U1QmzCY0JQK4fR5c1MbidLrCUgstiaTC --region ap-hongkong
[2023-08-11 15:41:44,167] [34] [tccli.main] [INFO] tccli clb RegisterTargets --cli-unfold-argument --LoadBalancerId lb-oppl5bn2 --ListenerId lbl-8lcxhcro --Targets.0.InstanceId ins-4ybpiy5o --Targets.0.Port 443 --Targets.0.Weight 10 --secretId IKIDWMEzqvy0BBza0EVCXwOkMrSBqXCf7WuH --secretKey U1QmzCY0JQK4fR5c1MbidLrCUgstiaTC --region ap-hongkong
[2023-08-11 15:41:50,088] [37] [tccli.main] [INFO] tccli clb DescribeLoadBalancers --LoadBalancerIds ["lb-oppl5bn2"] --region ap-hongkong --secretId IKIDWMEzqvy0BBza0EVCXwOkMrSBqXCf7WuH --secretKey U1QmzCY0JQK4fR5c1MbidLrCUgstiaTC
[2023-08-11 15:41:51,055] [12] [tccli.main] [INFO] tccli clb CreateLoadBalancer --LoadBalancerName api-elb-0287 --LoadBalancerType OPEN --region ap-hongkong --secretId IKIDWMEzqvy0BBza0EVCXwOkMrSBqXCf7WuH --secretKey U1QmzCY0JQK4fR5c1MbidLrCUgstiaTC
[2023-08-11 15:42:00,909] [17] [tccli.main] [INFO] tccli clb CreateListener --cli-unfold-argument --HealthCheck.UnHealthNum 4 --HealthCheck.HealthNum 4 --HealthCheck.IntervalTime 7 --HealthCheck.TimeOut 5 --HealthCheck.HealthSwitch 1 --Protocol TCP --Ports 80 --ListenerNames 80 --LoadBalancerId lb-1s6xadc4 --region ap-hongkong --secretId IKIDWMEzqvy0BBza0EVCXwOkMrSBqXCf7WuH --secretKey U1QmzCY0JQK4fR5c1MbidLrCUgstiaTC
[2023-08-11 15:42:06,536] [22] [tccli.main] [INFO] tccli clb RegisterTargets --cli-unfold-argument --LoadBalancerId lb-1s6xadc4 --ListenerId lbl-r3qkrhv0 --Targets.0.InstanceId ins-jb4zks3w --Targets.0.Port 80 --Targets.0.Weight 10 --secretId IKIDWMEzqvy0BBza0EVCXwOkMrSBqXCf7WuH --secretKey U1QmzCY0JQK4fR5c1MbidLrCUgstiaTC --region ap-hongkong
[2023-08-11 15:42:12,347] [24] [tccli.main] [INFO] tccli clb RegisterTargets --cli-unfold-argument --LoadBalancerId lb-1s6xadc4 --ListenerId lbl-r3qkrhv0 --Targets.0.InstanceId ins-4ybpiy5o --Targets.0.Port 80 --Targets.0.Weight 10 --secretId IKIDWMEzqvy0BBza0EVCXwOkMrSBqXCf7WuH --secretKey U1QmzCY0JQK4fR5c1MbidLrCUgstiaTC --region ap-hongkong
[2023-08-11 15:42:18,104] [26] [tccli.main] [INFO] tccli clb CreateListener --cli-unfold-argument --HealthCheck.UnHealthNum 4 --HealthCheck.HealthNum 4 --HealthCheck.IntervalTime 7 --HealthCheck.TimeOut 5 --HealthCheck.HealthSwitch 1 --Protocol TCP --Ports 443 --ListenerNames 443 --LoadBalancerId lb-1s6xadc4 --region ap-hongkong --secretId IKIDWMEzqvy0BBza0EVCXwOkMrSBqXCf7WuH --secretKey U1QmzCY0JQK4fR5c1MbidLrCUgstiaTC
[2023-08-11 15:42:23,683] [31] [tccli.main] [INFO] tccli clb RegisterTargets --cli-unfold-argument --LoadBalancerId lb-1s6xadc4 --ListenerId lbl-2bw25zi8 --Targets.0.InstanceId ins-jb4zks3w --Targets.0.Port 443 --Targets.0.Weight 10 --secretId IKIDWMEzqvy0BBza0EVCXwOkMrSBqXCf7WuH --secretKey U1QmzCY0JQK4fR5c1MbidLrCUgstiaTC --region ap-hongkong
[2023-08-11 15:42:29,471] [33] [tccli.main] [INFO] tccli clb RegisterTargets --cli-unfold-argument --LoadBalancerId lb-1s6xadc4 --ListenerId lbl-2bw25zi8 --Targets.0.InstanceId ins-4ybpiy5o --Targets.0.Port 443 --Targets.0.Weight 10 --secretId IKIDWMEzqvy0BBza0EVCXwOkMrSBqXCf7WuH --secretKey U1QmzCY0JQK4fR5c1MbidLrCUgstiaTC --region ap-hongkong
[2023-08-11 15:42:35,359] [36] [tccli.main] [INFO] tccli clb DescribeLoadBalancers --LoadBalancerIds ["lb-1s6xadc4"] --region ap-hongkong --secretId IKIDWMEzqvy0BBza0EVCXwOkMrSBqXCf7WuH --secretKey U1QmzCY0JQK4fR5c1MbidLrCUgstiaTC
[2023-08-11 15:42:36,327] [13] [tccli.main] [INFO] tccli clb CreateLoadBalancer --LoadBalancerName api-elb-5219 --LoadBalancerType OPEN --region ap-hongkong --secretId IKIDWMEzqvy0BBza0EVCXwOkMrSBqXCf7WuH --secretKey U1QmzCY0JQK4fR5c1MbidLrCUgstiaTC
[2023-08-11 15:42:45,947] [18] [tccli.main] [INFO] tccli clb CreateListener --cli-unfold-argument --HealthCheck.UnHealthNum 4 --HealthCheck.HealthNum 4 --HealthCheck.IntervalTime 7 --HealthCheck.TimeOut 5 --HealthCheck.HealthSwitch 1 --Protocol TCP --Ports 80 --ListenerNames 80 --LoadBalancerId lb-0xdfsv54 --region ap-hongkong --secretId IKIDWMEzqvy0BBza0EVCXwOkMrSBqXCf7WuH --secretKey U1QmzCY0JQK4fR5c1MbidLrCUgstiaTC
[2023-08-11 15:42:51,563] [23] [tccli.main] [INFO] tccli clb RegisterTargets --cli-unfold-argument --LoadBalancerId lb-0xdfsv54 --ListenerId lbl-1gtcg9f2 --Targets.0.InstanceId ins-jb4zks3w --Targets.0.Port 80 --Targets.0.Weight 10 --secretId IKIDWMEzqvy0BBza0EVCXwOkMrSBqXCf7WuH --secretKey U1QmzCY0JQK4fR5c1MbidLrCUgstiaTC --region ap-hongkong
[2023-08-11 15:42:59,888] [25] [tccli.main] [INFO] tccli clb RegisterTargets --cli-unfold-argument --LoadBalancerId lb-0xdfsv54 --ListenerId lbl-1gtcg9f2 --Targets.0.InstanceId ins-4ybpiy5o --Targets.0.Port 80 --Targets.0.Weight 10 --secretId IKIDWMEzqvy0BBza0EVCXwOkMrSBqXCf7WuH --secretKey U1QmzCY0JQK4fR5c1MbidLrCUgstiaTC --region ap-hongkong
[2023-08-11 15:43:05,632] [27] [tccli.main] [INFO] tccli clb CreateListener --cli-unfold-argument --HealthCheck.UnHealthNum 4 --HealthCheck.HealthNum 4 --HealthCheck.IntervalTime 7 --HealthCheck.TimeOut 5 --HealthCheck.HealthSwitch 1 --Protocol TCP --Ports 443 --ListenerNames 443 --LoadBalancerId lb-0xdfsv54 --region ap-hongkong --secretId IKIDWMEzqvy0BBza0EVCXwOkMrSBqXCf7WuH --secretKey U1QmzCY0JQK4fR5c1MbidLrCUgstiaTC
[2023-08-11 15:43:11,220] [32] [tccli.main] [INFO] tccli clb RegisterTargets --cli-unfold-argument --LoadBalancerId lb-0xdfsv54 --ListenerId lbl-qwmuq58u --Targets.0.InstanceId ins-jb4zks3w --Targets.0.Port 443 --Targets.0.Weight 10 --secretId IKIDWMEzqvy0BBza0EVCXwOkMrSBqXCf7WuH --secretKey U1QmzCY0JQK4fR5c1MbidLrCUgstiaTC --region ap-hongkong
[2023-08-11 15:43:16,973] [34] [tccli.main] [INFO] tccli clb RegisterTargets --cli-unfold-argument --LoadBalancerId lb-0xdfsv54 --ListenerId lbl-qwmuq58u --Targets.0.InstanceId ins-4ybpiy5o --Targets.0.Port 443 --Targets.0.Weight 10 --secretId IKIDWMEzqvy0BBza0EVCXwOkMrSBqXCf7WuH --secretKey U1QmzCY0JQK4fR5c1MbidLrCUgstiaTC --region ap-hongkong
[2023-08-11 15:43:25,033] [37] [tccli.main] [INFO] tccli clb DescribeLoadBalancers --LoadBalancerIds ["lb-0xdfsv54"] --region ap-hongkong --secretId IKIDWMEzqvy0BBza0EVCXwOkMrSBqXCf7WuH --secretKey U1QmzCY0JQK4fR5c1MbidLrCUgstiaTC
[2023-08-11 15:43:25,980] [12] [tccli.main] [INFO] tccli clb CreateLoadBalancer --LoadBalancerName api-elb-4573 --LoadBalancerType OPEN --region ap-hongkong --secretId IKIDWMEzqvy0BBza0EVCXwOkMrSBqXCf7WuH --secretKey U1QmzCY0JQK4fR5c1MbidLrCUgstiaTC
[2023-08-11 15:43:36,879] [17] [tccli.main] [INFO] tccli clb CreateListener --cli-unfold-argument --HealthCheck.UnHealthNum 4 --HealthCheck.HealthNum 4 --HealthCheck.IntervalTime 7 --HealthCheck.TimeOut 5 --HealthCheck.HealthSwitch 1 --Protocol TCP --Ports 80 --ListenerNames 80 --LoadBalancerId lb-5qrum8a6 --region ap-hongkong --secretId IKIDWMEzqvy0BBza0EVCXwOkMrSBqXCf7WuH --secretKey U1QmzCY0JQK4fR5c1MbidLrCUgstiaTC
[2023-08-11 15:43:42,502] [22] [tccli.main] [INFO] tccli clb RegisterTargets --cli-unfold-argument --LoadBalancerId lb-5qrum8a6 --ListenerId lbl-kyyh4y8e --Targets.0.InstanceId ins-jb4zks3w --Targets.0.Port 80 --Targets.0.Weight 10 --secretId IKIDWMEzqvy0BBza0EVCXwOkMrSBqXCf7WuH --secretKey U1QmzCY0JQK4fR5c1MbidLrCUgstiaTC --region ap-hongkong
[2023-08-11 15:43:48,490] [24] [tccli.main] [INFO] tccli clb RegisterTargets --cli-unfold-argument --LoadBalancerId lb-5qrum8a6 --ListenerId lbl-kyyh4y8e --Targets.0.InstanceId ins-4ybpiy5o --Targets.0.Port 80 --Targets.0.Weight 10 --secretId IKIDWMEzqvy0BBza0EVCXwOkMrSBqXCf7WuH --secretKey U1QmzCY0JQK4fR5c1MbidLrCUgstiaTC --region ap-hongkong
[2023-08-11 15:49:30,384] [12] [tccli.main] [INFO] tccli clb CreateLoadBalancer --LoadBalancerName api-elb-1911 --LoadBalancerType OPEN --region ap-hongkong --secretId IKIDWMEzqvy0BBza0EVCXwOkMrSBqXCf7WuH --secretKey U1QmzCY0JQK4fR5c1MbidLrCUgstiaTC
[2023-08-11 15:49:40,768] [17] [tccli.main] [INFO] tccli clb CreateListener --cli-unfold-argument --HealthCheck.UnHealthNum 4 --HealthCheck.HealthNum 4 --HealthCheck.IntervalTime 7 --HealthCheck.TimeOut 5 --HealthCheck.HealthSwitch 1 --Protocol TCP --Ports 80 --ListenerNames 80 --LoadBalancerId lb-52v5knnm --region ap-hongkong --secretId IKIDWMEzqvy0BBza0EVCXwOkMrSBqXCf7WuH --secretKey U1QmzCY0JQK4fR5c1MbidLrCUgstiaTC
[2023-08-11 15:49:46,394] [22] [tccli.main] [INFO] tccli clb RegisterTargets --cli-unfold-argument --LoadBalancerId lb-52v5knnm --ListenerId lbl-2shumz56 --Targets.0.InstanceId ins-jb4zks3w --Targets.0.Port 80 --Targets.0.Weight 10 --secretId IKIDWMEzqvy0BBza0EVCXwOkMrSBqXCf7WuH --secretKey U1QmzCY0JQK4fR5c1MbidLrCUgstiaTC --region ap-hongkong
[2023-08-11 15:49:51,946] [24] [tccli.main] [INFO] tccli clb RegisterTargets --cli-unfold-argument --LoadBalancerId lb-52v5knnm --ListenerId lbl-2shumz56 --Targets.0.InstanceId ins-4ybpiy5o --Targets.0.Port 80 --Targets.0.Weight 10 --secretId IKIDWMEzqvy0BBza0EVCXwOkMrSBqXCf7WuH --secretKey U1QmzCY0JQK4fR5c1MbidLrCUgstiaTC --region ap-hongkong
[2023-08-11 15:53:17,940] [12] [tccli.main] [INFO] tccli clb CreateLoadBalancer --LoadBalancerName api-elb-9925 --LoadBalancerType OPEN --region ap-hongkong --secretId IKIDWMEzqvy0BBza0EVCXwOkMrSBqXCf7WuH --secretKey U1QmzCY0JQK4fR5c1MbidLrCUgstiaTC
[2023-08-11 15:53:27,597] [17] [tccli.main] [INFO] tccli clb CreateListener --cli-unfold-argument --HealthCheck.UnHealthNum 4 --HealthCheck.HealthNum 4 --HealthCheck.IntervalTime 7 --HealthCheck.TimeOut 5 --HealthCheck.HealthSwitch 1 --Protocol TCP --Ports 80 --ListenerNames 80 --LoadBalancerId lb-cy8ni1xm --region ap-hongkong --secretId IKIDWMEzqvy0BBza0EVCXwOkMrSBqXCf7WuH --secretKey U1QmzCY0JQK4fR5c1MbidLrCUgstiaTC
[2023-08-11 15:53:33,201] [22] [tccli.main] [INFO] tccli clb RegisterTargets --cli-unfold-argument --LoadBalancerId lb-cy8ni1xm --ListenerId lbl-72d4884g --Targets.0.InstanceId ins-jb4zks3w --Targets.0.Port 80 --Targets.0.Weight 10 --secretId IKIDWMEzqvy0BBza0EVCXwOkMrSBqXCf7WuH --secretKey U1QmzCY0JQK4fR5c1MbidLrCUgstiaTC --region ap-hongkong
[2023-08-11 15:53:38,927] [24] [tccli.main] [INFO] tccli clb RegisterTargets --cli-unfold-argument --LoadBalancerId lb-cy8ni1xm --ListenerId lbl-72d4884g --Targets.0.InstanceId ins-4ybpiy5o --Targets.0.Port 80 --Targets.0.Weight 10 --secretId IKIDWMEzqvy0BBza0EVCXwOkMrSBqXCf7WuH --secretKey U1QmzCY0JQK4fR5c1MbidLrCUgstiaTC --region ap-hongkong
[2023-08-11 15:53:44,739] [26] [tccli.main] [INFO] tccli clb CreateListener --cli-unfold-argument --HealthCheck.UnHealthNum 4 --HealthCheck.HealthNum 4 --HealthCheck.IntervalTime 7 --HealthCheck.TimeOut 5 --HealthCheck.HealthSwitch 1 --Protocol TCP --Ports 443 --ListenerNames 443 --LoadBalancerId lb-cy8ni1xm --region ap-hongkong --secretId IKIDWMEzqvy0BBza0EVCXwOkMrSBqXCf7WuH --secretKey U1QmzCY0JQK4fR5c1MbidLrCUgstiaTC
[2023-08-11 15:53:50,331] [31] [tccli.main] [INFO] tccli clb RegisterTargets --cli-unfold-argument --LoadBalancerId lb-cy8ni1xm --ListenerId lbl-0vm6oi5k --Targets.0.InstanceId ins-jb4zks3w --Targets.0.Port 443 --Targets.0.Weight 10 --secretId IKIDWMEzqvy0BBza0EVCXwOkMrSBqXCf7WuH --secretKey U1QmzCY0JQK4fR5c1MbidLrCUgstiaTC --region ap-hongkong
[2023-08-11 15:53:56,168] [33] [tccli.main] [INFO] tccli clb RegisterTargets --cli-unfold-argument --LoadBalancerId lb-cy8ni1xm --ListenerId lbl-0vm6oi5k --Targets.0.InstanceId ins-4ybpiy5o --Targets.0.Port 443 --Targets.0.Weight 10 --secretId IKIDWMEzqvy0BBza0EVCXwOkMrSBqXCf7WuH --secretKey U1QmzCY0JQK4fR5c1MbidLrCUgstiaTC --region ap-hongkong
[2023-08-11 15:54:02,003] [36] [tccli.main] [INFO] tccli clb DescribeLoadBalancers --LoadBalancerIds ["lb-cy8ni1xm"] --region ap-hongkong --secretId IKIDWMEzqvy0BBza0EVCXwOkMrSBqXCf7WuH --secretKey U1QmzCY0JQK4fR5c1MbidLrCUgstiaTC
[2023-08-11 16:20:22,894] [12] [tccli.main] [INFO] tccli clb CreateLoadBalancer --LoadBalancerName api-elb-9080 --LoadBalancerType OPEN --region ap-hongkong --secretId IKIDWMEzqvy0BBza0EVCXwOkMrSBqXCf7WuH --secretKey U1QmzCY0JQK4fR5c1MbidLrCUgstiaTC
[2023-08-11 16:20:33,593] [17] [tccli.main] [INFO] tccli clb CreateListener --cli-unfold-argument --HealthCheck.UnHealthNum 4 --HealthCheck.HealthNum 4 --HealthCheck.IntervalTime 7 --HealthCheck.TimeOut 5 --HealthCheck.HealthSwitch 1 --Protocol TCP --Ports 80 --ListenerNames 80 --LoadBalancerId lb-ps741x0m --region ap-hongkong --secretId IKIDWMEzqvy0BBza0EVCXwOkMrSBqXCf7WuH --secretKey U1QmzCY0JQK4fR5c1MbidLrCUgstiaTC
[2023-08-11 16:20:39,181] [22] [tccli.main] [INFO] tccli clb RegisterTargets --cli-unfold-argument --LoadBalancerId lb-ps741x0m --ListenerId lbl-6d6xaaco --Targets.0.InstanceId ins-jb4zks3w --Targets.0.Port 80 --Targets.0.Weight 10 --secretId IKIDWMEzqvy0BBza0EVCXwOkMrSBqXCf7WuH --secretKey U1QmzCY0JQK4fR5c1MbidLrCUgstiaTC --region ap-hongkong
[2023-08-11 16:20:45,234] [24] [tccli.main] [INFO] tccli clb RegisterTargets --cli-unfold-argument --LoadBalancerId lb-ps741x0m --ListenerId lbl-6d6xaaco --Targets.0.InstanceId ins-4ybpiy5o --Targets.0.Port 80 --Targets.0.Weight 10 --secretId IKIDWMEzqvy0BBza0EVCXwOkMrSBqXCf7WuH --secretKey U1QmzCY0JQK4fR5c1MbidLrCUgstiaTC --region ap-hongkong
[2023-08-11 16:20:50,990] [26] [tccli.main] [INFO] tccli clb CreateListener --cli-unfold-argument --HealthCheck.UnHealthNum 4 --HealthCheck.HealthNum 4 --HealthCheck.IntervalTime 7 --HealthCheck.TimeOut 5 --HealthCheck.HealthSwitch 1 --Protocol TCP --Ports 443 --ListenerNames 443 --LoadBalancerId lb-ps741x0m --region ap-hongkong --secretId IKIDWMEzqvy0BBza0EVCXwOkMrSBqXCf7WuH --secretKey U1QmzCY0JQK4fR5c1MbidLrCUgstiaTC
[2023-08-11 16:20:56,616] [31] [tccli.main] [INFO] tccli clb RegisterTargets --cli-unfold-argument --LoadBalancerId lb-ps741x0m --ListenerId lbl-jyzktamm --Targets.0.InstanceId ins-jb4zks3w --Targets.0.Port 443 --Targets.0.Weight 10 --secretId IKIDWMEzqvy0BBza0EVCXwOkMrSBqXCf7WuH --secretKey U1QmzCY0JQK4fR5c1MbidLrCUgstiaTC --region ap-hongkong
[2023-08-11 16:21:02,903] [33] [tccli.main] [INFO] tccli clb RegisterTargets --cli-unfold-argument --LoadBalancerId lb-ps741x0m --ListenerId lbl-jyzktamm --Targets.0.InstanceId ins-4ybpiy5o --Targets.0.Port 443 --Targets.0.Weight 10 --secretId IKIDWMEzqvy0BBza0EVCXwOkMrSBqXCf7WuH --secretKey U1QmzCY0JQK4fR5c1MbidLrCUgstiaTC --region ap-hongkong
[2023-08-11 16:21:08,726] [36] [tccli.main] [INFO] tccli clb DescribeLoadBalancers --LoadBalancerIds ["lb-ps741x0m"] --region ap-hongkong --secretId IKIDWMEzqvy0BBza0EVCXwOkMrSBqXCf7WuH --secretKey U1QmzCY0JQK4fR5c1MbidLrCUgstiaTC
[2024-06-07 09:25:34,943] [12] [tccli.main] [INFO] tccli clb CreateLoadBalancer --LoadBalancerName api-elb-9107 --LoadBalancerType OPEN --region ap-hongkong --secretId AKID4xmS0MZZefieabmBap5eN3JCcH1keVKE --secretKey CIX7phXH6yyzwqmiXH0BKFEN8vqomjff
[2024-06-07 09:25:48,987] [17] [tccli.main] [INFO] tccli clb CreateListener --cli-unfold-argument --HealthCheck.UnHealthNum 4 --HealthCheck.HealthNum 4 --HealthCheck.IntervalTime 7 --HealthCheck.TimeOut 5 --HealthCheck.HealthSwitch 1 --Protocol TCP --Ports 80 --ListenerNames 80 --LoadBalancerId lb-8t8lmke8 --region ap-hongkong --secretId AKID4xmS0MZZefieabmBap5eN3JCcH1keVKE --secretKey CIX7phXH6yyzwqmiXH0BKFEN8vqomjff
[2024-06-07 09:25:49,508] [17] [tccli.main] [ERROR] [TencentCloudSDKException] code:FailedOperation message:Loadbalancer is not in normal status. requestId:185dbe9d-751e-4703-b119-8e8f72ffd7f5
[2024-06-07 09:25:54,737] [22] [tccli.main] [INFO] tccli clb RegisterTargets --cli-unfold-argument --LoadBalancerId lb-8t8lmke8 --ListenerId --Targets.0.InstanceId ins-rbvt16ni --Targets.0.Port 80 --Targets.0.Weight 10 --secretId AKID4xmS0MZZefieabmBap5eN3JCcH1keVKE --secretKey CIX7phXH6yyzwqmiXH0BKFEN8vqomjff --region ap-hongkong
[2024-06-07 09:26:00,060] [24] [tccli.main] [INFO] tccli clb CreateListener --cli-unfold-argument --HealthCheck.UnHealthNum 4 --HealthCheck.HealthNum 4 --HealthCheck.IntervalTime 7 --HealthCheck.TimeOut 5 --HealthCheck.HealthSwitch 1 --Protocol TCP --Ports 443 --ListenerNames 443 --LoadBalancerId lb-8t8lmke8 --region ap-hongkong --secretId AKID4xmS0MZZefieabmBap5eN3JCcH1keVKE --secretKey CIX7phXH6yyzwqmiXH0BKFEN8vqomjff
[2024-06-07 09:26:05,773] [29] [tccli.main] [INFO] tccli clb RegisterTargets --cli-unfold-argument --LoadBalancerId lb-8t8lmke8 --ListenerId lbl-1j93ji22 --Targets.0.InstanceId ins-rbvt16ni --Targets.0.Port 443 --Targets.0.Weight 10 --secretId AKID4xmS0MZZefieabmBap5eN3JCcH1keVKE --secretKey CIX7phXH6yyzwqmiXH0BKFEN8vqomjff --region ap-hongkong
[2024-06-07 09:26:06,430] [29] [tccli.main] [ERROR] [TencentCloudSDKException] code:InvalidParameterValue message:VPC of ins-rbvt16ni is different from loadbalancer. requestId:9dd232aa-c096-4e8c-93a0-6c4e5017bcf1
[2024-06-07 09:26:11,633] [32] [tccli.main] [INFO] tccli clb DescribeLoadBalancers --LoadBalancerIds ["lb-8t8lmke8"] --region ap-hongkong --secretId AKID4xmS0MZZefieabmBap5eN3JCcH1keVKE --secretKey CIX7phXH6yyzwqmiXH0BKFEN8vqomjff
[2024-06-07 09:48:33,424] [12] [tccli.main] [INFO] tccli clb CreateLoadBalancer --LoadBalancerName api-elb-0410 --LoadBalancerType OPEN --VpcId vpc-ez1xl1js --region ap-hongkong --secretId AKID4xmS0MZZefieabmBap5eN3JCcH1keVKE --secretKey CIX7phXH6yyzwqmiXH0BKFEN8vqomjff
[2024-06-07 09:48:46,492] [17] [tccli.main] [INFO] tccli clb CreateListener --cli-unfold-argument --HealthCheck.UnHealthNum 4 --HealthCheck.HealthNum 4 --HealthCheck.IntervalTime 7 --HealthCheck.TimeOut 5 --HealthCheck.HealthSwitch 1 --Protocol TCP --Ports 80 --ListenerNames 80 --LoadBalancerId lb-2jlz2ki6 --region ap-hongkong --secretId AKID4xmS0MZZefieabmBap5eN3JCcH1keVKE --secretKey CIX7phXH6yyzwqmiXH0BKFEN8vqomjff
[2024-06-07 09:48:52,212] [22] [tccli.main] [INFO] tccli clb RegisterTargets --cli-unfold-argument --LoadBalancerId lb-2jlz2ki6 --ListenerId lbl-dhvz13ak --Targets.0.InstanceId ins-rbvt16ni --Targets.0.Port 80 --Targets.0.Weight 10 --secretId AKID4xmS0MZZefieabmBap5eN3JCcH1keVKE --secretKey CIX7phXH6yyzwqmiXH0BKFEN8vqomjff --region ap-hongkong
[2024-06-07 09:48:58,292] [24] [tccli.main] [INFO] tccli clb CreateListener --cli-unfold-argument --HealthCheck.UnHealthNum 4 --HealthCheck.HealthNum 4 --HealthCheck.IntervalTime 7 --HealthCheck.TimeOut 5 --HealthCheck.HealthSwitch 1 --Protocol TCP --Ports 443 --ListenerNames 443 --LoadBalancerId lb-2jlz2ki6 --region ap-hongkong --secretId AKID4xmS0MZZefieabmBap5eN3JCcH1keVKE --secretKey CIX7phXH6yyzwqmiXH0BKFEN8vqomjff
[2024-06-07 09:49:04,042] [29] [tccli.main] [INFO] tccli clb RegisterTargets --cli-unfold-argument --LoadBalancerId lb-2jlz2ki6 --ListenerId lbl-n4pa3rs6 --Targets.0.InstanceId ins-rbvt16ni --Targets.0.Port 443 --Targets.0.Weight 10 --secretId AKID4xmS0MZZefieabmBap5eN3JCcH1keVKE --secretKey CIX7phXH6yyzwqmiXH0BKFEN8vqomjff --region ap-hongkong
[2024-06-07 09:49:10,201] [32] [tccli.main] [INFO] tccli clb DescribeLoadBalancers --LoadBalancerIds ["lb-2jlz2ki6"] --region ap-hongkong --secretId AKID4xmS0MZZefieabmBap5eN3JCcH1keVKE --secretKey CIX7phXH6yyzwqmiXH0BKFEN8vqomjff
